<?xml version="1.0" encoding="UTF-8"?>
<testsuite xmlns:xsi="http://www.w3.org/2001/XMLSchema-instance" xsi:noNamespaceSchemaLocation="https://maven.apache.org/surefire/maven-surefire-plugin/xsd/surefire-test-report.xsd" name="org.jpmml.sklearn.RegressorTest" time="13.118" tests="27" errors="0" skipped="0" failures="0">
  <properties>
    <property name="gopherProxySet" value="false"/>
    <property name="awt.toolkit" value="sun.lwawt.macosx.LWCToolkit"/>
    <property name="java.specification.version" value="1.8"/>
    <property name="file.encoding.pkg" value="sun.io"/>
    <property name="sun.cpu.isalist" value=""/>
    <property name="sun.jnu.encoding" value="UTF-8"/>
    <property name="java.class.path" value="/Users/Ageha/Documents/GesturePredictor/jpmml-sklearn-master/target/test-classes:/Users/Ageha/Documents/GesturePredictor/jpmml-sklearn-master/target/classes:/Users/Ageha/.m2/repository/com/beust/jcommander/1.48/jcommander-1.48.jar:/Users/Ageha/.m2/repository/org/jpmml/jpmml-converter/1.2.6/jpmml-converter-1.2.6.jar:/Users/Ageha/.m2/repository/com/google/guava/guava/20.0/guava-20.0.jar:/Users/Ageha/.m2/repository/org/jpmml/pmml-model-metro/1.3.8/pmml-model-metro-1.3.8.jar:/Users/Ageha/.m2/repository/org/glassfish/jaxb/jaxb-runtime/2.3.0/jaxb-runtime-2.3.0.jar:/Users/Ageha/.m2/repository/org/glassfish/jaxb/jaxb-core/2.3.0/jaxb-core-2.3.0.jar:/Users/Ageha/.m2/repository/com/sun/istack/istack-commons-runtime/3.0.5/istack-commons-runtime-3.0.5.jar:/Users/Ageha/.m2/repository/org/jpmml/jpmml-lightgbm/1.1.3/jpmml-lightgbm-1.1.3.jar:/Users/Ageha/.m2/repository/org/jpmml/jpmml-xgboost/1.2.4/jpmml-xgboost-1.2.4.jar:/Users/Ageha/.m2/repository/net/razorvine/pyrolite/4.19/pyrolite-4.19.jar:/Users/Ageha/.m2/repository/net/razorvine/serpent/1.18/serpent-1.18.jar:/Users/Ageha/.m2/repository/org/slf4j/slf4j-api/1.7.25/slf4j-api-1.7.25.jar:/Users/Ageha/.m2/repository/org/slf4j/slf4j-jdk14/1.7.25/slf4j-jdk14-1.7.25.jar:/Users/Ageha/.m2/repository/junit/junit/4.12/junit-4.12.jar:/Users/Ageha/.m2/repository/org/hamcrest/hamcrest-core/1.3/hamcrest-core-1.3.jar:/Users/Ageha/.m2/repository/org/jpmml/pmml-evaluator/1.3.10/pmml-evaluator-1.3.10.jar:/Users/Ageha/.m2/repository/org/jpmml/pmml-model/1.3.8/pmml-model-1.3.8.jar:/Users/Ageha/.m2/repository/org/jpmml/pmml-agent/1.3.8/pmml-agent-1.3.8.jar:/Users/Ageha/.m2/repository/org/jpmml/pmml-schema/1.3.8/pmml-schema-1.3.8.jar:/Users/Ageha/.m2/repository/joda-time/joda-time/2.9.9/joda-time-2.9.9.jar:/Users/Ageha/.m2/repository/org/apache/commons/commons-math3/3.6.1/commons-math3-3.6.1.jar:/Users/Ageha/.m2/repository/org/jpmml/pmml-evaluator-test/1.3.10/pmml-evaluator-test-1.3.10.jar:"/>
    <property name="java.vm.vendor" value="Oracle Corporation"/>
    <property name="sun.arch.data.model" value="64"/>
    <property name="java.vendor.url" value="http://java.oracle.com/"/>
    <property name="user.timezone" value=""/>
    <property name="java.vm.specification.version" value="1.8"/>
    <property name="os.name" value="Mac OS X"/>
    <property name="user.country" value="SG"/>
    <property name="sun.java.launcher" value="SUN_STANDARD"/>
    <property name="sun.boot.library.path" value="/Library/Java/JavaVirtualMachines/jdk1.8.0_144.jdk/Contents/Home/jre/lib"/>
    <property name="sun.java.command" value="/Users/Ageha/Documents/GesturePredictor/jpmml-sklearn-master/target/surefire/surefirebooter3998741567501467870.jar /Users/Ageha/Documents/GesturePredictor/jpmml-sklearn-master/target/surefire 2018-02-19T18-39-32_509-jvmRun1 surefire2889394560220815952tmp surefire_07945120493663480714tmp"/>
    <property name="http.nonProxyHosts" value="local|*.local|169.254/16|*.169.254/16"/>
    <property name="surefire.test.class.path" value="/Users/Ageha/Documents/GesturePredictor/jpmml-sklearn-master/target/test-classes:/Users/Ageha/Documents/GesturePredictor/jpmml-sklearn-master/target/classes:/Users/Ageha/.m2/repository/com/beust/jcommander/1.48/jcommander-1.48.jar:/Users/Ageha/.m2/repository/org/jpmml/jpmml-converter/1.2.6/jpmml-converter-1.2.6.jar:/Users/Ageha/.m2/repository/com/google/guava/guava/20.0/guava-20.0.jar:/Users/Ageha/.m2/repository/org/jpmml/pmml-model-metro/1.3.8/pmml-model-metro-1.3.8.jar:/Users/Ageha/.m2/repository/org/glassfish/jaxb/jaxb-runtime/2.3.0/jaxb-runtime-2.3.0.jar:/Users/Ageha/.m2/repository/org/glassfish/jaxb/jaxb-core/2.3.0/jaxb-core-2.3.0.jar:/Users/Ageha/.m2/repository/com/sun/istack/istack-commons-runtime/3.0.5/istack-commons-runtime-3.0.5.jar:/Users/Ageha/.m2/repository/org/jpmml/jpmml-lightgbm/1.1.3/jpmml-lightgbm-1.1.3.jar:/Users/Ageha/.m2/repository/org/jpmml/jpmml-xgboost/1.2.4/jpmml-xgboost-1.2.4.jar:/Users/Ageha/.m2/repository/net/razorvine/pyrolite/4.19/pyrolite-4.19.jar:/Users/Ageha/.m2/repository/net/razorvine/serpent/1.18/serpent-1.18.jar:/Users/Ageha/.m2/repository/org/slf4j/slf4j-api/1.7.25/slf4j-api-1.7.25.jar:/Users/Ageha/.m2/repository/org/slf4j/slf4j-jdk14/1.7.25/slf4j-jdk14-1.7.25.jar:/Users/Ageha/.m2/repository/junit/junit/4.12/junit-4.12.jar:/Users/Ageha/.m2/repository/org/hamcrest/hamcrest-core/1.3/hamcrest-core-1.3.jar:/Users/Ageha/.m2/repository/org/jpmml/pmml-evaluator/1.3.10/pmml-evaluator-1.3.10.jar:/Users/Ageha/.m2/repository/org/jpmml/pmml-model/1.3.8/pmml-model-1.3.8.jar:/Users/Ageha/.m2/repository/org/jpmml/pmml-agent/1.3.8/pmml-agent-1.3.8.jar:/Users/Ageha/.m2/repository/org/jpmml/pmml-schema/1.3.8/pmml-schema-1.3.8.jar:/Users/Ageha/.m2/repository/joda-time/joda-time/2.9.9/joda-time-2.9.9.jar:/Users/Ageha/.m2/repository/org/apache/commons/commons-math3/3.6.1/commons-math3-3.6.1.jar:/Users/Ageha/.m2/repository/org/jpmml/pmml-evaluator-test/1.3.10/pmml-evaluator-test-1.3.10.jar:"/>
    <property name="sun.cpu.endian" value="little"/>
    <property name="user.home" value="/Users/Ageha"/>
    <property name="user.language" value="en"/>
    <property name="java.specification.vendor" value="Oracle Corporation"/>
    <property name="java.home" value="/Library/Java/JavaVirtualMachines/jdk1.8.0_144.jdk/Contents/Home/jre"/>
    <property name="basedir" value="/Users/Ageha/Documents/GesturePredictor/jpmml-sklearn-master"/>
    <property name="file.separator" value="/"/>
    <property name="line.separator" value="&#10;"/>
    <property name="java.vm.specification.vendor" value="Oracle Corporation"/>
    <property name="java.specification.name" value="Java Platform API Specification"/>
    <property name="java.awt.graphicsenv" value="sun.awt.CGraphicsEnvironment"/>
    <property name="surefire.real.class.path" value="/Users/Ageha/Documents/GesturePredictor/jpmml-sklearn-master/target/surefire/surefirebooter3998741567501467870.jar:/Users/Ageha/.m2/repository/org/jacoco/org.jacoco.agent/0.7.9/org.jacoco.agent-0.7.9-runtime.jar"/>
    <property name="sun.boot.class.path" value="/Library/Java/JavaVirtualMachines/jdk1.8.0_144.jdk/Contents/Home/jre/lib/resources.jar:/Library/Java/JavaVirtualMachines/jdk1.8.0_144.jdk/Contents/Home/jre/lib/rt.jar:/Library/Java/JavaVirtualMachines/jdk1.8.0_144.jdk/Contents/Home/jre/lib/sunrsasign.jar:/Library/Java/JavaVirtualMachines/jdk1.8.0_144.jdk/Contents/Home/jre/lib/jsse.jar:/Library/Java/JavaVirtualMachines/jdk1.8.0_144.jdk/Contents/Home/jre/lib/jce.jar:/Library/Java/JavaVirtualMachines/jdk1.8.0_144.jdk/Contents/Home/jre/lib/charsets.jar:/Library/Java/JavaVirtualMachines/jdk1.8.0_144.jdk/Contents/Home/jre/lib/jfr.jar:/Library/Java/JavaVirtualMachines/jdk1.8.0_144.jdk/Contents/Home/jre/classes"/>
    <property name="java.util.logging.config.file" value="src/test/resources/logging.properties"/>
    <property name="sun.management.compiler" value="HotSpot 64-Bit Tiered Compilers"/>
    <property name="ftp.nonProxyHosts" value="local|*.local|169.254/16|*.169.254/16"/>
    <property name="java.runtime.version" value="1.8.0_144-b01"/>
    <property name="user.name" value="Ageha"/>
    <property name="path.separator" value=":"/>
    <property name="os.version" value="10.13.3"/>
    <property name="java.endorsed.dirs" value="/Library/Java/JavaVirtualMachines/jdk1.8.0_144.jdk/Contents/Home/jre/lib/endorsed"/>
    <property name="java.runtime.name" value="Java(TM) SE Runtime Environment"/>
    <property name="file.encoding" value="UTF-8"/>
    <property name="java.vm.name" value="Java HotSpot(TM) 64-Bit Server VM"/>
    <property name="localRepository" value="/Users/Ageha/.m2/repository"/>
    <property name="java.vendor.url.bug" value="http://bugreport.sun.com/bugreport/"/>
    <property name="java.io.tmpdir" value="/var/folders/w9/wl64rys55zdd87b398g5qkgm0000gn/T/"/>
    <property name="java.version" value="1.8.0_144"/>
    <property name="user.dir" value="/Users/Ageha/Documents/GesturePredictor/jpmml-sklearn-master"/>
    <property name="os.arch" value="x86_64"/>
    <property name="java.vm.specification.name" value="Java Virtual Machine Specification"/>
    <property name="java.awt.printerjob" value="sun.lwawt.macosx.CPrinterJob"/>
    <property name="sun.os.patch.level" value="unknown"/>
    <property name="java.library.path" value="/Users/Ageha/Library/Java/Extensions:/Library/Java/Extensions:/Network/Library/Java/Extensions:/System/Library/Java/Extensions:/usr/lib/java:."/>
    <property name="java.vm.info" value="mixed mode"/>
    <property name="java.vendor" value="Oracle Corporation"/>
    <property name="java.vm.version" value="25.144-b01"/>
    <property name="java.ext.dirs" value="/Users/Ageha/Library/Java/Extensions:/Library/Java/JavaVirtualMachines/jdk1.8.0_144.jdk/Contents/Home/jre/lib/ext:/Library/Java/Extensions:/Network/Library/Java/Extensions:/System/Library/Java/Extensions:/usr/lib/java"/>
    <property name="sun.io.unicode.encoding" value="UnicodeBig"/>
    <property name="java.class.version" value="52.0"/>
    <property name="socksNonProxyHosts" value="local|*.local|169.254/16|*.169.254/16"/>
  </properties>
  <testcase name="evaluateSGDHousing" classname="org.jpmml.sklearn.RegressorTest" time="2.808"/>
  <testcase name="evaluateLinearRegressionEnsembleAuto" classname="org.jpmml.sklearn.RegressorTest" time="0.619"/>
  <testcase name="evaluateMLPHousing" classname="org.jpmml.sklearn.RegressorTest" time="0.497"/>
  <testcase name="evaluateNuSVRHousing" classname="org.jpmml.sklearn.RegressorTest" time="0.591"/>
  <testcase name="evaluateGradientBoostingAuto" classname="org.jpmml.sklearn.RegressorTest" time="0.699"/>
  <testcase name="evaluateDecisionTreeAuto" classname="org.jpmml.sklearn.RegressorTest" time="0.114"/>
  <testcase name="evaluateXGBAuto" classname="org.jpmml.sklearn.RegressorTest" time="0.399"/>
  <testcase name="evaluateLGBMAuto" classname="org.jpmml.sklearn.RegressorTest" time="0.2"/>
  <testcase name="evaluateLinearSVRHousing" classname="org.jpmml.sklearn.RegressorTest" time="0.186"/>
  <testcase name="evaluateLinearRegressionAutoNA" classname="org.jpmml.sklearn.RegressorTest" time="0.052"/>
  <testcase name="evaluateLassoAuto" classname="org.jpmml.sklearn.RegressorTest" time="0.056"/>
  <testcase name="evaluateRandomForestAuto" classname="org.jpmml.sklearn.RegressorTest" time="0.202"/>
  <testcase name="evaluateSVRHousing" classname="org.jpmml.sklearn.RegressorTest" time="0.442"/>
  <testcase name="evaluateTPOTAuto" classname="org.jpmml.sklearn.RegressorTest" time="0.613"/>
  <testcase name="evaluateTPOTHousing" classname="org.jpmml.sklearn.RegressorTest" time="0.795"/>
  <testcase name="evaluateAdaBoostAuto" classname="org.jpmml.sklearn.RegressorTest" time="0.217"/>
  <testcase name="evaluateLinearRegressionAuto" classname="org.jpmml.sklearn.RegressorTest" time="0.04"/>
  <testcase name="evaluateOneClassSVMHousingAnomaly" classname="org.jpmml.sklearn.RegressorTest" time="0.242"/>
  <testcase name="evaluateKNNHousing" classname="org.jpmml.sklearn.RegressorTest" time="2.594"/>
  <testcase name="evaluateExtraTreesAuto" classname="org.jpmml.sklearn.RegressorTest" time="0.116"/>
  <testcase name="evaluateAdaBoostHousing" classname="org.jpmml.sklearn.RegressorTest" time="0.383"/>
  <testcase name="evaluateDecisionTreeAutoNA" classname="org.jpmml.sklearn.RegressorTest" time="0.045"/>
  <testcase name="evaluateDummyAuto" classname="org.jpmml.sklearn.RegressorTest" time="0.021"/>
  <testcase name="evaluateIsolationForestHousingAnomaly" classname="org.jpmml.sklearn.RegressorTest" time="1.001"/>
  <testcase name="evaluateDecisionTreeEnsembleAuto" classname="org.jpmml.sklearn.RegressorTest" time="0.072"/>
  <testcase name="evaluateElasticNetAuto" classname="org.jpmml.sklearn.RegressorTest" time="0.043"/>
  <testcase name="evaluateRidgeAuto" classname="org.jpmml.sklearn.RegressorTest" time="0.05"/>
</testsuite>