<?xml version="1.0" encoding="UTF-8"?>
<testsuite xmlns:xsi="http://www.w3.org/2001/XMLSchema-instance" xsi:noNamespaceSchemaLocation="https://maven.apache.org/surefire/maven-surefire-plugin/xsd/surefire-test-report.xsd" name="org.jpmml.sklearn.ClassifierTest" time="37.586" tests="53" errors="0" skipped="0" failures="0">
  <properties>
    <property name="gopherProxySet" value="false"/>
    <property name="awt.toolkit" value="sun.lwawt.macosx.LWCToolkit"/>
    <property name="java.specification.version" value="1.8"/>
    <property name="file.encoding.pkg" value="sun.io"/>
    <property name="sun.cpu.isalist" value=""/>
    <property name="sun.jnu.encoding" value="UTF-8"/>
    <property name="java.class.path" value="/Users/Ageha/Documents/GesturePredictor/jpmml-sklearn-master/target/test-classes:/Users/Ageha/Documents/GesturePredictor/jpmml-sklearn-master/target/classes:/Users/Ageha/.m2/repository/com/beust/jcommander/1.48/jcommander-1.48.jar:/Users/Ageha/.m2/repository/org/jpmml/jpmml-converter/1.2.6/jpmml-converter-1.2.6.jar:/Users/Ageha/.m2/repository/com/google/guava/guava/20.0/guava-20.0.jar:/Users/Ageha/.m2/repository/org/jpmml/pmml-model-metro/1.3.8/pmml-model-metro-1.3.8.jar:/Users/Ageha/.m2/repository/org/glassfish/jaxb/jaxb-runtime/2.3.0/jaxb-runtime-2.3.0.jar:/Users/Ageha/.m2/repository/org/glassfish/jaxb/jaxb-core/2.3.0/jaxb-core-2.3.0.jar:/Users/Ageha/.m2/repository/com/sun/istack/istack-commons-runtime/3.0.5/istack-commons-runtime-3.0.5.jar:/Users/Ageha/.m2/repository/org/jpmml/jpmml-lightgbm/1.1.3/jpmml-lightgbm-1.1.3.jar:/Users/Ageha/.m2/repository/org/jpmml/jpmml-xgboost/1.2.4/jpmml-xgboost-1.2.4.jar:/Users/Ageha/.m2/repository/net/razorvine/pyrolite/4.19/pyrolite-4.19.jar:/Users/Ageha/.m2/repository/net/razorvine/serpent/1.18/serpent-1.18.jar:/Users/Ageha/.m2/repository/org/slf4j/slf4j-api/1.7.25/slf4j-api-1.7.25.jar:/Users/Ageha/.m2/repository/org/slf4j/slf4j-jdk14/1.7.25/slf4j-jdk14-1.7.25.jar:/Users/Ageha/.m2/repository/junit/junit/4.12/junit-4.12.jar:/Users/Ageha/.m2/repository/org/hamcrest/hamcrest-core/1.3/hamcrest-core-1.3.jar:/Users/Ageha/.m2/repository/org/jpmml/pmml-evaluator/1.3.10/pmml-evaluator-1.3.10.jar:/Users/Ageha/.m2/repository/org/jpmml/pmml-model/1.3.8/pmml-model-1.3.8.jar:/Users/Ageha/.m2/repository/org/jpmml/pmml-agent/1.3.8/pmml-agent-1.3.8.jar:/Users/Ageha/.m2/repository/org/jpmml/pmml-schema/1.3.8/pmml-schema-1.3.8.jar:/Users/Ageha/.m2/repository/joda-time/joda-time/2.9.9/joda-time-2.9.9.jar:/Users/Ageha/.m2/repository/org/apache/commons/commons-math3/3.6.1/commons-math3-3.6.1.jar:/Users/Ageha/.m2/repository/org/jpmml/pmml-evaluator-test/1.3.10/pmml-evaluator-test-1.3.10.jar:"/>
    <property name="java.vm.vendor" value="Oracle Corporation"/>
    <property name="sun.arch.data.model" value="64"/>
    <property name="java.vendor.url" value="http://java.oracle.com/"/>
    <property name="user.timezone" value=""/>
    <property name="java.vm.specification.version" value="1.8"/>
    <property name="os.name" value="Mac OS X"/>
    <property name="user.country" value="SG"/>
    <property name="sun.java.launcher" value="SUN_STANDARD"/>
    <property name="sun.boot.library.path" value="/Library/Java/JavaVirtualMachines/jdk1.8.0_144.jdk/Contents/Home/jre/lib"/>
    <property name="sun.java.command" value="/Users/Ageha/Documents/GesturePredictor/jpmml-sklearn-master/target/surefire/surefirebooter3998741567501467870.jar /Users/Ageha/Documents/GesturePredictor/jpmml-sklearn-master/target/surefire 2018-02-19T18-39-32_509-jvmRun1 surefire2889394560220815952tmp surefire_07945120493663480714tmp"/>
    <property name="http.nonProxyHosts" value="local|*.local|169.254/16|*.169.254/16"/>
    <property name="surefire.test.class.path" value="/Users/Ageha/Documents/GesturePredictor/jpmml-sklearn-master/target/test-classes:/Users/Ageha/Documents/GesturePredictor/jpmml-sklearn-master/target/classes:/Users/Ageha/.m2/repository/com/beust/jcommander/1.48/jcommander-1.48.jar:/Users/Ageha/.m2/repository/org/jpmml/jpmml-converter/1.2.6/jpmml-converter-1.2.6.jar:/Users/Ageha/.m2/repository/com/google/guava/guava/20.0/guava-20.0.jar:/Users/Ageha/.m2/repository/org/jpmml/pmml-model-metro/1.3.8/pmml-model-metro-1.3.8.jar:/Users/Ageha/.m2/repository/org/glassfish/jaxb/jaxb-runtime/2.3.0/jaxb-runtime-2.3.0.jar:/Users/Ageha/.m2/repository/org/glassfish/jaxb/jaxb-core/2.3.0/jaxb-core-2.3.0.jar:/Users/Ageha/.m2/repository/com/sun/istack/istack-commons-runtime/3.0.5/istack-commons-runtime-3.0.5.jar:/Users/Ageha/.m2/repository/org/jpmml/jpmml-lightgbm/1.1.3/jpmml-lightgbm-1.1.3.jar:/Users/Ageha/.m2/repository/org/jpmml/jpmml-xgboost/1.2.4/jpmml-xgboost-1.2.4.jar:/Users/Ageha/.m2/repository/net/razorvine/pyrolite/4.19/pyrolite-4.19.jar:/Users/Ageha/.m2/repository/net/razorvine/serpent/1.18/serpent-1.18.jar:/Users/Ageha/.m2/repository/org/slf4j/slf4j-api/1.7.25/slf4j-api-1.7.25.jar:/Users/Ageha/.m2/repository/org/slf4j/slf4j-jdk14/1.7.25/slf4j-jdk14-1.7.25.jar:/Users/Ageha/.m2/repository/junit/junit/4.12/junit-4.12.jar:/Users/Ageha/.m2/repository/org/hamcrest/hamcrest-core/1.3/hamcrest-core-1.3.jar:/Users/Ageha/.m2/repository/org/jpmml/pmml-evaluator/1.3.10/pmml-evaluator-1.3.10.jar:/Users/Ageha/.m2/repository/org/jpmml/pmml-model/1.3.8/pmml-model-1.3.8.jar:/Users/Ageha/.m2/repository/org/jpmml/pmml-agent/1.3.8/pmml-agent-1.3.8.jar:/Users/Ageha/.m2/repository/org/jpmml/pmml-schema/1.3.8/pmml-schema-1.3.8.jar:/Users/Ageha/.m2/repository/joda-time/joda-time/2.9.9/joda-time-2.9.9.jar:/Users/Ageha/.m2/repository/org/apache/commons/commons-math3/3.6.1/commons-math3-3.6.1.jar:/Users/Ageha/.m2/repository/org/jpmml/pmml-evaluator-test/1.3.10/pmml-evaluator-test-1.3.10.jar:"/>
    <property name="sun.cpu.endian" value="little"/>
    <property name="user.home" value="/Users/Ageha"/>
    <property name="user.language" value="en"/>
    <property name="java.specification.vendor" value="Oracle Corporation"/>
    <property name="java.home" value="/Library/Java/JavaVirtualMachines/jdk1.8.0_144.jdk/Contents/Home/jre"/>
    <property name="basedir" value="/Users/Ageha/Documents/GesturePredictor/jpmml-sklearn-master"/>
    <property name="file.separator" value="/"/>
    <property name="line.separator" value="&#10;"/>
    <property name="java.vm.specification.vendor" value="Oracle Corporation"/>
    <property name="java.specification.name" value="Java Platform API Specification"/>
    <property name="java.awt.graphicsenv" value="sun.awt.CGraphicsEnvironment"/>
    <property name="surefire.real.class.path" value="/Users/Ageha/Documents/GesturePredictor/jpmml-sklearn-master/target/surefire/surefirebooter3998741567501467870.jar:/Users/Ageha/.m2/repository/org/jacoco/org.jacoco.agent/0.7.9/org.jacoco.agent-0.7.9-runtime.jar"/>
    <property name="sun.boot.class.path" value="/Library/Java/JavaVirtualMachines/jdk1.8.0_144.jdk/Contents/Home/jre/lib/resources.jar:/Library/Java/JavaVirtualMachines/jdk1.8.0_144.jdk/Contents/Home/jre/lib/rt.jar:/Library/Java/JavaVirtualMachines/jdk1.8.0_144.jdk/Contents/Home/jre/lib/sunrsasign.jar:/Library/Java/JavaVirtualMachines/jdk1.8.0_144.jdk/Contents/Home/jre/lib/jsse.jar:/Library/Java/JavaVirtualMachines/jdk1.8.0_144.jdk/Contents/Home/jre/lib/jce.jar:/Library/Java/JavaVirtualMachines/jdk1.8.0_144.jdk/Contents/Home/jre/lib/charsets.jar:/Library/Java/JavaVirtualMachines/jdk1.8.0_144.jdk/Contents/Home/jre/lib/jfr.jar:/Library/Java/JavaVirtualMachines/jdk1.8.0_144.jdk/Contents/Home/jre/classes"/>
    <property name="java.util.logging.config.file" value="src/test/resources/logging.properties"/>
    <property name="sun.management.compiler" value="HotSpot 64-Bit Tiered Compilers"/>
    <property name="ftp.nonProxyHosts" value="local|*.local|169.254/16|*.169.254/16"/>
    <property name="java.runtime.version" value="1.8.0_144-b01"/>
    <property name="user.name" value="Ageha"/>
    <property name="path.separator" value=":"/>
    <property name="os.version" value="10.13.3"/>
    <property name="java.endorsed.dirs" value="/Library/Java/JavaVirtualMachines/jdk1.8.0_144.jdk/Contents/Home/jre/lib/endorsed"/>
    <property name="java.runtime.name" value="Java(TM) SE Runtime Environment"/>
    <property name="file.encoding" value="UTF-8"/>
    <property name="java.vm.name" value="Java HotSpot(TM) 64-Bit Server VM"/>
    <property name="localRepository" value="/Users/Ageha/.m2/repository"/>
    <property name="java.vendor.url.bug" value="http://bugreport.sun.com/bugreport/"/>
    <property name="java.io.tmpdir" value="/var/folders/w9/wl64rys55zdd87b398g5qkgm0000gn/T/"/>
    <property name="java.version" value="1.8.0_144"/>
    <property name="user.dir" value="/Users/Ageha/Documents/GesturePredictor/jpmml-sklearn-master"/>
    <property name="os.arch" value="x86_64"/>
    <property name="java.vm.specification.name" value="Java Virtual Machine Specification"/>
    <property name="java.awt.printerjob" value="sun.lwawt.macosx.CPrinterJob"/>
    <property name="sun.os.patch.level" value="unknown"/>
    <property name="java.library.path" value="/Users/Ageha/Library/Java/Extensions:/Library/Java/Extensions:/Network/Library/Java/Extensions:/System/Library/Java/Extensions:/usr/lib/java:."/>
    <property name="java.vm.info" value="mixed mode"/>
    <property name="java.vendor" value="Oracle Corporation"/>
    <property name="java.vm.version" value="25.144-b01"/>
    <property name="java.ext.dirs" value="/Users/Ageha/Library/Java/Extensions:/Library/Java/JavaVirtualMachines/jdk1.8.0_144.jdk/Contents/Home/jre/lib/ext:/Library/Java/Extensions:/Network/Library/Java/Extensions:/System/Library/Java/Extensions:/usr/lib/java"/>
    <property name="sun.io.unicode.encoding" value="UnicodeBig"/>
    <property name="java.class.version" value="52.0"/>
    <property name="socksNonProxyHosts" value="local|*.local|169.254/16|*.169.254/16"/>
  </properties>
  <testcase name="evaluateLogisticRegressionEnsembleIris" classname="org.jpmml.sklearn.ClassifierTest" time="0.158"/>
  <testcase name="evaluateDecisionTreeAudit" classname="org.jpmml.sklearn.ClassifierTest" time="0.462"/>
  <testcase name="evaluateRidgeAudit" classname="org.jpmml.sklearn.ClassifierTest" time="0.42"/>
  <testcase name="evaluateXGBAudit" classname="org.jpmml.sklearn.ClassifierTest" time="1.362"/>
  <testcase name="evaluateNuSVCVersicolor" classname="org.jpmml.sklearn.ClassifierTest" time="0.079"/>
  <testcase name="evaluateSGDIris" classname="org.jpmml.sklearn.ClassifierTest" time="0.039"/>
  <testcase name="evaluateMLPVersicolor" classname="org.jpmml.sklearn.ClassifierTest" time="0.05"/>
  <testcase name="evaluateGradientBoostingIris" classname="org.jpmml.sklearn.ClassifierTest" time="0.143"/>
  <testcase name="evaluateDecisionTreeIris" classname="org.jpmml.sklearn.ClassifierTest" time="0.029"/>
  <testcase name="evaluateXGBIris" classname="org.jpmml.sklearn.ClassifierTest" time="0.098"/>
  <testcase name="evaluateLinearDiscriminantAnalysisAudit" classname="org.jpmml.sklearn.ClassifierTest" time="0.662"/>
  <testcase name="evaluateKNNVersicolor" classname="org.jpmml.sklearn.ClassifierTest" time="0.345"/>
  <testcase name="evaluateSVCAudit" classname="org.jpmml.sklearn.ClassifierTest" time="5.002"/>
  <testcase name="evaluateTPOTVersicolor" classname="org.jpmml.sklearn.ClassifierTest" time="0.228"/>
  <testcase name="evaluateSVCIris" classname="org.jpmml.sklearn.ClassifierTest" time="0.051"/>
  <testcase name="evaluateLGBMIris" classname="org.jpmml.sklearn.ClassifierTest" time="0.065"/>
  <testcase name="evaluateLogisticRegressionEnsembleAudit" classname="org.jpmml.sklearn.ClassifierTest" time="0.339"/>
  <testcase name="evaluateNaiveBayesAudit" classname="org.jpmml.sklearn.ClassifierTest" time="8.532"/>
  <testcase name="evaluateDecisionTreeAuditNA" classname="org.jpmml.sklearn.ClassifierTest" time="0.098"/>
  <testcase name="evaluateRandomForestIris" classname="org.jpmml.sklearn.ClassifierTest" time="0.066"/>
  <testcase name="evaluatExtraTreesAudit" classname="org.jpmml.sklearn.ClassifierTest" time="0.796"/>
  <testcase name="evaluateLogisticRegressionAudit" classname="org.jpmml.sklearn.ClassifierTest" time="0.257"/>
  <testcase name="evaluateLGBMAudit" classname="org.jpmml.sklearn.ClassifierTest" time="0.715"/>
  <testcase name="evaluateTPOTIris" classname="org.jpmml.sklearn.ClassifierTest" time="0.125"/>
  <testcase name="evaluateSVCVersicolor" classname="org.jpmml.sklearn.ClassifierTest" time="0.046"/>
  <testcase name="evaluateLinearDiscriminantAnalysisIris" classname="org.jpmml.sklearn.ClassifierTest" time="0.034"/>
  <testcase name="evaluateDecisionTreeVersicolor" classname="org.jpmml.sklearn.ClassifierTest" time="0.017"/>
  <testcase name="evaluateRidgeEnsembleAudit" classname="org.jpmml.sklearn.ClassifierTest" time="0.252"/>
  <testcase name="evaluateExtraTreesIris" classname="org.jpmml.sklearn.ClassifierTest" time="0.049"/>
  <testcase name="evaluateKNNIris" classname="org.jpmml.sklearn.ClassifierTest" time="0.1"/>
  <testcase name="evaluateSGDLogVersicolor" classname="org.jpmml.sklearn.ClassifierTest" time="0.028"/>
  <testcase name="evaluateDummyIris" classname="org.jpmml.sklearn.ClassifierTest" time="0.016"/>
  <testcase name="evaluateSGDVersicolor" classname="org.jpmml.sklearn.ClassifierTest" time="0.025"/>
  <testcase name="evaluateNaiveBayesIris" classname="org.jpmml.sklearn.ClassifierTest" time="0.067"/>
  <testcase name="evaluateGradientBoostingAudit" classname="org.jpmml.sklearn.ClassifierTest" time="0.856"/>
  <testcase name="evaluateLogisticRegressionIris" classname="org.jpmml.sklearn.ClassifierTest" time="0.03"/>
  <testcase name="evaluateDummyAudit" classname="org.jpmml.sklearn.ClassifierTest" time="0.042"/>
  <testcase name="evaluateDecisionTreeEnsembleIris" classname="org.jpmml.sklearn.ClassifierTest" time="0.039"/>
  <testcase name="evaluateRandomForestSentiment" classname="org.jpmml.sklearn.ClassifierTest" time="2.451"/>
  <testcase name="evaluateNuSVCIris" classname="org.jpmml.sklearn.ClassifierTest" time="0.039"/>
  <testcase name="evaluateSGDLogIris" classname="org.jpmml.sklearn.ClassifierTest" time="0.027"/>
  <testcase name="evaluateLogisticRegressionAuditNA" classname="org.jpmml.sklearn.ClassifierTest" time="0.054"/>
  <testcase name="evaluateDecisionTreeAuditDict" classname="org.jpmml.sklearn.ClassifierTest" time="0.044"/>
  <testcase name="evaluateRidgeIris" classname="org.jpmml.sklearn.ClassifierTest" time="0.029"/>
  <testcase name="evaluateRidgeEnsembleIris" classname="org.jpmml.sklearn.ClassifierTest" time="0.037"/>
  <testcase name="evaluateMLPIris" classname="org.jpmml.sklearn.ClassifierTest" time="0.054"/>
  <testcase name="evaluateDummyVersicolor" classname="org.jpmml.sklearn.ClassifierTest" time="0.015"/>
  <testcase name="evaluateVotingEnsembleIris" classname="org.jpmml.sklearn.ClassifierTest" time="0.077"/>
  <testcase name="evaluateDecisionTreeEnsembleAudit" classname="org.jpmml.sklearn.ClassifierTest" time="0.409"/>
  <testcase name="evaluateLogisticRegressionAuditDict" classname="org.jpmml.sklearn.ClassifierTest" time="0.05"/>
  <testcase name="evaluateLogisticRegressionSentiment" classname="org.jpmml.sklearn.ClassifierTest" time="3.691"/>
  <testcase name="evaluateVotingEnsembleAudit" classname="org.jpmml.sklearn.ClassifierTest" time="8.302"/>
  <testcase name="evaluateRandomForestAudit" classname="org.jpmml.sklearn.ClassifierTest" time="0.564"/>
</testsuite>